<html>
<body>
<pre>
<h1>µVision Build Log</h1>
<h2>Tool Versions:</h2>
IDE-Version: ¦ÌVision V5.28.0.0
Copyright (C) 2019 ARM Ltd and ARM Germany GmbH. All rights reserved.
License Information: xie xie, mmw, LIC=8VRJ7-EH0VK-UHB8H-WAVR3-ARN75-21XT9
 
Tool Versions:
Toolchain:       MDK-ARM Plus  Version: 5.28.0.0
Toolchain Path:  D:\Keil5Mdk\ARM\ARMCC\Bin
C Compiler:      Armcc.exe V5.06 update 6 (build 750)
Assembler:       Armasm.exe V5.06 update 6 (build 750)
Linker/Locator:  ArmLink.exe V5.06 update 6 (build 750)
Library Manager: ArmAr.exe V5.06 update 6 (build 750)
Hex Converter:   FromElf.exe V5.06 update 6 (build 750)
CPU DLL:         SARMCM3.DLL V5.28.0.0
Dialog DLL:      DCM.DLL V1.17.3.0
Target DLL:      Segger\JL2CM3.dll V2.99.36.0
Dialog DLL:      TCM.DLL V1.36.2.0
 
<h2>Project:</h2>
C:\E_Dev\Stm32Dev\STM32_MMW_LIGHT\MDK-ARM\STM32_MMW_LIGHT.uvprojx
Project File Date:  06/23/2025

<h2>Output:</h2>
*** Using Compiler 'V5.06 update 6 (build 750)', folder: 'D:\Keil5Mdk\ARM\ARMCC\Bin'
*** Warning: You are compiling one or more files of source type C++ and have selected 'use MicroLIB'. MicroLIB does not support C++!
  
Rebuild target 'STM32_MMW_LIGHT'
assembling startup_stm32f407xx.s...
compiling cpp_func.cpp...
../Core/Inc/cpp_func.h(9): warning:  #1-D: last line of file ends without a newline
  #endif
..\Core\Src\cpp_func.cpp(8): warning:  #1-D: last line of file ends without a newline
  }
..\Core\Src\cpp_func.cpp: 2 warnings, 0 errors
compiling rgb_led.c...
"no source": Error:  #5: cannot open source input file "..\Core\Src\rgb_led.c": No such file or directory
..\Core\Src\rgb_led.c: 0 warnings, 1 error
compiling gpio.c...
compiling i2c.c...
compiling lcd.c...
..\Core\Src\lcd.c(22): warning:  #177-D: variable "color_buf"  was declared but never referenced
      uint16_t color_buf[1] = {color};
..\Core\Src\lcd.c(23): warning:  #177-D: variable "num"  was declared but never referenced
      uint32_t num = (xend - xsta) * (yend - ysta);
..\Core\Src\lcd.c(24): warning:  #177-D: variable "chunk_size"  was declared but never referenced
      uint32_t chunk_size;
..\Core\Src\lcd.c(25): warning:  #177-D: variable "first_chunk"  was declared but never referenced
      uint8_t first_chunk = 1;
..\Core\Src\lcd.c: 4 warnings, 0 errors
compiling dht11.c...
../Core/Inc/dht11.h(28): warning:  #1-D: last line of file ends without a newline
  #endif /* __DHT11_H */ 
..\Core\Src\dht11.c(138): warning:  #177-D: variable "retry_high"  was declared but never referenced
      uint8_t retry_low, retry_high;
..\Core\Src\dht11.c(257): warning:  #870-D: invalid multibyte character sequence
      printf("DWTæµ‹è¯•: 1mså»¶æ—¶å®é™…å‘¨æœŸæ•?=%lu (æœŸæœ›çº?%lu)\r\n", 
..\Core\Src\dht11.c(257): warning:  #870-D: invalid multibyte character sequence
      printf("DWTæµ‹è¯•: 1mså»¶æ—¶å®é™…å‘¨æœŸæ•?=%lu (æœŸæœ›çº?%lu)\r\n", 
..\Core\Src\dht11.c(263): warning:  #870-D: invalid multibyte character sequence
      printf("å¼•è„šåˆå§‹çŠ¶æ€?: %s (åº”è¯¥æ˜¯é«˜ç”µå¹³)\r\n", pin_state ? "é«?" : "ä½?");
..\Core\Src\dht11.c(263): warning:  #870-D: invalid multibyte character sequence
      printf("å¼•è„šåˆå§‹çŠ¶æ€?: %s (åº”è¯¥æ˜¯é«˜ç”µå¹³)\r\n", pin_state ? "é«?" : "ä½?");
..\Core\Src\dht11.c(263): error:  #53: expected a ":"
      printf("å¼•è„šåˆå§‹çŠ¶æ€?: %s (åº”è¯¥æ˜¯é«˜ç”µå¹³)\r\n", pin_state ? "é«?" : "ä½?");
..\Core\Src\dht11.c(263): error:  #7: unrecognized token
      printf("å¼•è„šåˆå§‹çŠ¶æ€?: %s (åº”è¯¥æ˜¯é«˜ç”µå¹³)\r\n", pin_state ? "é«?" : "ä½?");
..\Core\Src\dht11.c(263): error:  #8: missing closing quote
      printf("å¼•è„šåˆå§‹çŠ¶æ€?: %s (åº”è¯¥æ˜¯é«˜ç”µå¹³)\r\n", pin_state ? "é«?" : "ä½?");
..\Core\Src\dht11.c(266): warning:  #12-D: parsing restarts here after previous syntax error
      printf("å¼•è„šæ§åˆ¶æµ‹è¯•:\r\n");
..\Core\Src\dht11.c(266): error:  #18: expected a ")"
      printf("å¼•è„šæ§åˆ¶æµ‹è¯•:\r\n");
..\Core\Src\dht11.c(273): warning:  #870-D: invalid multibyte character sequence
      printf("  æ‹‰ä½åçŠ¶æ€?: %s\r\n", pin_state ? "é«?" : "ä½?");
..\Core\Src\dht11.c(273): warning:  #870-D: invalid multibyte character sequence
      printf("  æ‹‰ä½åçŠ¶æ€?: %s\r\n", pin_state ? "é«?" : "ä½?");
..\Core\Src\dht11.c(273): error:  #53: expected a ":"
      printf("  æ‹‰ä½åçŠ¶æ€?: %s\r\n", pin_state ? "é«?" : "ä½?");
..\Core\Src\dht11.c(273): error:  #7: unrecognized token
      printf("  æ‹‰ä½åçŠ¶æ€?: %s\r\n", pin_state ? "é«?" : "ä½?");
..\Core\Src\dht11.c(273): error:  #8: missing closing quote
      printf("  æ‹‰ä½åçŠ¶æ€?: %s\r\n", pin_state ? "é«?" : "ä½?");
..\Core\Src\dht11.c(275): error:  #18: expected a ")"
      DHT11_SetPinOutput();
..\Core\Src\dht11.c(280): warning:  #870-D: invalid multibyte character sequence
      printf("  æ‹‰é«˜åçŠ¶æ€?: %s\r\n", pin_state ? "é«?" : "ä½?");
..\Core\Src\dht11.c(280): warning:  #870-D: invalid multibyte character sequence
      printf("  æ‹‰é«˜åçŠ¶æ€?: %s\r\n", pin_state ? "é«?" : "ä½?");
..\Core\Src\dht11.c(280): error:  #53: expected a ":"
      printf("  æ‹‰é«˜åçŠ¶æ€?: %s\r\n", pin_state ? "é«?" : "ä½?");
..\Core\Src\dht11.c(280): error:  #7: unrecognized token
      printf("  æ‹‰é«˜åçŠ¶æ€?: %s\r\n", pin_state ? "é«?" : "ä½?");
..\Core\Src\dht11.c(280): error:  #8: missing closing quote
      printf("  æ‹‰é«˜åçŠ¶æ€?: %s\r\n", pin_state ? "é«?" : "ä½?");
..\Core\Src\dht11.c(283): warning:  #12-D: parsing restarts here after previous syntax error
      printf("å¯åŠ¨ä¿¡å·æµ‹è¯•:\r\n");
..\Core\Src\dht11.c(283): error:  #18: expected a ")"
      printf("å¯åŠ¨ä¿¡å·æµ‹è¯•:\r\n");
..\Core\Src\dht11.c(288): warning:  #1-D: last line of file ends without a newline
  } 
..\Core\Src\dht11.c: 13 warnings, 12 errors
compiling CST816.c...
..\Core\Src\CST816.c(327): warning:  #1-D: last line of file ends without a newline
  }
..\Core\Src\CST816.c: 1 warning, 0 errors
compiling main.c...
../Core/Inc/dht11.h(28): warning:  #1-D: last line of file ends without a newline
  #endif /* __DHT11_H */ 
../Core/Inc/ws2812b.h(56): warning:  #1-D: last line of file ends without a newline
  #endif /* __WS2812B_H */ 
../Core/Src/main.c: 2 warnings, 0 errors
compiling lcd_init.c...
compiling adc.c...
compiling ws2812b_driver.c...
"no source": Error:  #5: cannot open source input file "..\Core\Src\ws2812b_driver.c": No such file or directory
..\Core\Src\ws2812b_driver.c: 0 warnings, 1 error
compiling iic_hal_hard.c...
compiling delay.c...
..\Core\Src\delay.c(54): warning:  #1-D: last line of file ends without a newline
  }
..\Core\Src\delay.c(7): warning:  #550-D: variable "ms"  was set but never used
  static uint16_t ms=0;
..\Core\Src\delay.c: 2 warnings, 0 errors
compiling freertos.c...
../Core/Inc/ws2812b.h(56): warning:  #1-D: last line of file ends without a newline
  #endif /* __WS2812B_H */ 
../Core/Inc/dht11.h(28): warning:  #1-D: last line of file ends without a newline
  #endif /* __DHT11_H */ 
../Core/Src/freertos.c(288): warning:  #223-D: function "Get_ADC_Value" declared implicitly
        uint16_t adc_value = Get_ADC_Value();
../Core/Src/freertos.c(322): warning:  #223-D: function "Get_ADC_Value" declared implicitly
      uint16_t adc_value = Get_ADC_Value();
../Core/Src/freertos.c: 4 warnings, 0 errors
compiling stm32f4xx_ll_adc.c...
compiling tim.c...
compiling stm32f4xx_hal_adc.c...
compiling stm32f4xx_it.c...
compiling spi.c...
compiling stm32f4xx_hal_tim_ex.c...
compiling stm32f4xx_hal_timebase_tim.c...
compiling stm32f4xx_hal_msp.c...
compiling usart.c...
compiling stm32f4xx_hal_adc_ex.c...
compiling stm32f4xx_hal_tim.c...
compiling stm32f4xx_hal_rcc_ex.c...
compiling stm32f4xx_hal_rcc.c...
compiling stm32f4xx_hal_flash.c...
compiling stm32f4xx_hal_cortex.c...
compiling stm32f4xx_hal_flash_ex.c...
compiling stm32f4xx_hal_dma_ex.c...
compiling stm32f4xx_hal_i2c.c...
compiling stm32f4xx_hal_exti.c...
compiling croutine.c...
compiling event_groups.c...
compiling list.c...
compiling queue.c...
compiling stm32f4xx_hal_flash_ramfunc.c...
compiling stream_buffer.c...
compiling stm32f4xx_hal_pwr_ex.c...
compiling timers.c...
compiling stm32f4xx_hal_dma.c...
compiling tasks.c...
compiling stm32f4xx_hal.c...
compiling stm32f4xx_hal_gpio.c...
compiling stm32f4xx_hal_pwr.c...
compiling heap_4.c...
compiling cmsis_os.c...
compiling port.c...
compiling stm32f4xx_hal_i2c_ex.c...
compiling stm32f4xx_hal_spi.c...
compiling system_stm32f4xx.c...
compiling stm32f4xx_hal_uart.c...
"STM32_MMW_LIGHT\STM32_MMW_LIGHT.axf" - 14 Error(s), 28 Warning(s).

<h2>Software Packages used:</h2>

Package Vendor: ARM
                http://www.keil.com/pack/ARM.CMSIS.5.5.1.pack
                ARM.CMSIS.5.5.1
                CMSIS (Cortex Microcontroller Software Interface Standard)
   * Component: CORE Version: 5.2.0

Package Vendor: Keil
                http://www.keil.com/pack/Keil.STM32F4xx_DFP.2.14.0.pack
                Keil.STM32F4xx_DFP.2.14.0
                STMicroelectronics STM32F4 Series Device Support, Drivers and Examples

<h2>Collection of Component include folders:</h2>
  .\RTE\_STM32_MMW_LIGHT
  D:\Keil5MdkPack\ARM\CMSIS\5.5.1\CMSIS\Core\Include
  D:\Keil5MdkPack\Keil\STM32F4xx_DFP\2.14.0\Drivers\CMSIS\Device\ST\STM32F4xx\Include

<h2>Collection of Component Files used:</h2>

   * Component: ARM::CMSIS:CORE:5.2.0
Target not created.
Build Time Elapsed:  00:00:29
</pre>
</body>
</html>
